<?xml version="1.0" encoding="UTF-8"?>
<!-- Generated by org.testng.reporters.JUnitReportReporter -->
<testsuite skipped="1" hostname="130242L0407" name="runners.TestRunner" tests="1" failures="0" timestamp="23 Jul 2019 03:14:22 GMT" time="16.861" errors="0">
  <testcase name="runScenario" time="16.861" classname="runners.TestRunner">
    <skipped/>
  </testcase> <!-- runScenario -->
</testsuite> <!-- runners.TestRunner -->
